0 info it worked if it ends with ok
1 verbose cli [ '/usr/local/bin/node', '/usr/local/bin/npm', 'run', 'lite' ]
2 info using npm@2.14.2
3 info using node@v4.0.0
4 verbose run-script [ 'prelite', 'lite', 'postlite' ]
5 info prelite misrecetas@1.0.0
6 info lite misrecetas@1.0.0
7 verbose unsafe-perm in lifecycle true
8 info misrecetas@1.0.0 Failed to exec lite script
9 verbose stack Error: misrecetas@1.0.0 lite: `lite-server`
9 verbose stack Exit status 1
9 verbose stack     at EventEmitter.<anonymous> (/usr/local/lib/node_modules/npm/lib/utils/lifecycle.js:214:16)
9 verbose stack     at emitTwo (events.js:87:13)
9 verbose stack     at EventEmitter.emit (events.js:172:7)
9 verbose stack     at ChildProcess.<anonymous> (/usr/local/lib/node_modules/npm/lib/utils/spawn.js:24:14)
9 verbose stack     at emitTwo (events.js:87:13)
9 verbose stack     at ChildProcess.emit (events.js:172:7)
9 verbose stack     at maybeClose (internal/child_process.js:817:16)
9 verbose stack     at Process.ChildProcess._handle.onexit (internal/child_process.js:211:5)
10 verbose pkgid misrecetas@1.0.0
11 verbose cwd /srv/www/milibrorecetas
12 error Linux 3.11.0-17-generic
13 error argv "/usr/local/bin/node" "/usr/local/bin/npm" "run" "lite"
14 error node v4.0.0
15 error npm  v2.14.2
16 error code ELIFECYCLE
17 error misrecetas@1.0.0 lite: `lite-server`
17 error Exit status 1
18 error Failed at the misrecetas@1.0.0 lite script 'lite-server'.
18 error This is most likely a problem with the misrecetas package,
18 error not with npm itself.
18 error Tell the author that this fails on your system:
18 error     lite-server
18 error You can get their info via:
18 error     npm owner ls misrecetas
18 error There is likely additional logging output above.
19 verbose exit [ 1, true ]
